This file contains any messages produced by compilers while
running configure, to aid debugging if configure makes a mistake.

It was created by hclib configure 0.1, which was
generated by GNU Autoconf 2.69.  Invocation command line was

  $ ../configure --prefix=/home/anuj2022/Analysis-of-Work-Stealing-Queues-FenceFreeWs/Original/hclib-iiitd/hclib-install

## --------- ##
## Platform. ##
## --------- ##

hostname = hippo
uname -m = x86_64
uname -r = 5.4.0-147-generic
uname -s = Linux
uname -v = #164-Ubuntu SMP Tue Mar 21 14:23:17 UTC 2023

/usr/bin/uname -p = x86_64
/bin/uname -X     = unknown

/bin/arch              = x86_64
/usr/bin/arch -k       = unknown
/usr/convex/getsysinfo = unknown
/usr/bin/hostinfo      = unknown
/bin/machine           = unknown
/usr/bin/oslevel       = unknown
/bin/universe          = unknown

PATH: /home/anuj2022/.vscode-server/bin/704ed70d4fd1c6bd6342c436f1ede30d1cff4710/bin/remote-cli
PATH: /usr/local/sbin
PATH: /usr/local/bin
PATH: /usr/sbin
PATH: /usr/bin
PATH: /sbin
PATH: /bin
PATH: /usr/games
PATH: /usr/local/games
PATH: /snap/bin


## ----------- ##
## Core tests. ##
## ----------- ##

configure:2351: checking for a BSD-compatible install
configure:2419: result: /usr/bin/install -c
configure:2430: checking whether build environment is sane
configure:2485: result: yes
configure:2634: checking for a thread-safe mkdir -p
configure:2673: result: /usr/bin/mkdir -p
configure:2680: checking for gawk
configure:2696: found /usr/bin/gawk
configure:2707: result: gawk
configure:2718: checking whether make sets $(MAKE)
configure:2740: result: yes
configure:2769: checking whether make supports nested variables
configure:2786: result: yes
configure:2866: checking whether UID '1004' is supported by ustar format
configure:2869: result: yes
configure:2876: checking whether GID '1004' is supported by ustar format
configure:2879: result: yes
configure:2887: checking how to create a ustar tar archive
configure:2898: tar --version
tar (GNU tar) 1.30
Copyright (C) 2017 Free Software Foundation, Inc.
License GPLv3+: GNU GPL version 3 or later <https://gnu.org/licenses/gpl.html>.
This is free software: you are free to change and redistribute it.
There is NO WARRANTY, to the extent permitted by law.

Written by John Gilmore and Jay Fenlason.
configure:2901: $? = 0
configure:2941: tardir=conftest.dir && eval tar --format=ustar -chf - "$tardir" >conftest.tar
configure:2944: $? = 0
configure:2948: tar -xf - <conftest.tar
configure:2951: $? = 0
configure:2953: cat conftest.dir/file
GrepMe
configure:2956: $? = 0
configure:2969: result: gnutar
configure:3029: checking whether make supports the include directive
configure:3044: make -f confmf.GNU && cat confinc.out
this is the am__doit target
configure:3047: $? = 0
configure:3066: result: yes (GNU style)
configure:3136: checking for gcc
configure:3152: found /usr/bin/gcc
configure:3163: result: gcc
configure:3392: checking for C compiler version
configure:3401: gcc --version >&5
gcc (Ubuntu 9.4.0-1ubuntu1~20.04.1) 9.4.0
Copyright (C) 2019 Free Software Foundation, Inc.
This is free software; see the source for copying conditions.  There is NO
warranty; not even for MERCHANTABILITY or FITNESS FOR A PARTICULAR PURPOSE.

configure:3412: $? = 0
configure:3401: gcc -v >&5
Using built-in specs.
COLLECT_GCC=gcc
COLLECT_LTO_WRAPPER=/usr/lib/gcc/x86_64-linux-gnu/9/lto-wrapper
OFFLOAD_TARGET_NAMES=nvptx-none:hsa
OFFLOAD_TARGET_DEFAULT=1
Target: x86_64-linux-gnu
Configured with: ../src/configure -v --with-pkgversion='Ubuntu 9.4.0-1ubuntu1~20.04.1' --with-bugurl=file:///usr/share/doc/gcc-9/README.Bugs --enable-languages=c,ada,c++,go,brig,d,fortran,objc,obj-c++,gm2 --prefix=/usr --with-gcc-major-version-only --program-suffix=-9 --program-prefix=x86_64-linux-gnu- --enable-shared --enable-linker-build-id --libexecdir=/usr/lib --without-included-gettext --enable-threads=posix --libdir=/usr/lib --enable-nls --enable-clocale=gnu --enable-libstdcxx-debug --enable-libstdcxx-time=yes --with-default-libstdcxx-abi=new --enable-gnu-unique-object --disable-vtable-verify --enable-plugin --enable-default-pie --with-system-zlib --with-target-system-zlib=auto --enable-objc-gc=auto --enable-multiarch --disable-werror --with-arch-32=i686 --with-abi=m64 --with-multilib-list=m32,m64,mx32 --enable-multilib --with-tune=generic --enable-offload-targets=nvptx-none=/build/gcc-9-Av3uEd/gcc-9-9.4.0/debian/tmp-nvptx/usr,hsa --without-cuda-driver --enable-checking=release --build=x86_64-linux-gnu --host=x86_64-linux-gnu --target=x86_64-linux-gnu
Thread model: posix
gcc version 9.4.0 (Ubuntu 9.4.0-1ubuntu1~20.04.1) 
configure:3412: $? = 0
configure:3401: gcc -V >&5
gcc: error: unrecognized command line option '-V'
gcc: fatal error: no input files
compilation terminated.
configure:3412: $? = 1
configure:3401: gcc -qversion >&5
gcc: error: unrecognized command line option '-qversion'; did you mean '--version'?
gcc: fatal error: no input files
compilation terminated.
configure:3412: $? = 1
configure:3432: checking whether the C compiler works
configure:3454: gcc    conftest.c  >&5
configure:3458: $? = 0
configure:3506: result: yes
configure:3509: checking for C compiler default output file name
configure:3511: result: a.out
configure:3517: checking for suffix of executables
configure:3524: gcc -o conftest    conftest.c  >&5
configure:3528: $? = 0
configure:3550: result: 
configure:3572: checking whether we are cross compiling
configure:3580: gcc -o conftest    conftest.c  >&5
configure:3584: $? = 0
configure:3591: ./conftest
configure:3595: $? = 0
configure:3583: result: no
configure:3588: checking for suffix of object files
configure:3610: gcc -c   conftest.c >&5
configure:3614: $? = 0
configure:3635: result: o
configure:3639: checking whether we are using the GNU C compiler
configure:3658: gcc -c   conftest.c >&5
configure:3658: $? = 0
configure:3667: result: yes
configure:3676: checking whether gcc accepts -g
configure:3696: gcc -c -g  conftest.c >&5
configure:3696: $? = 0
configure:3737: result: yes
configure:3754: checking for gcc option to accept ISO C89
configure:3817: gcc  -c -g -O2  conftest.c >&5
configure:3817: $? = 0
configure:3830: result: none needed
configure:3855: checking whether gcc understands -c and -o together
configure:3877: gcc -c conftest.c -o conftest2.o
configure:3880: $? = 0
configure:3877: gcc -c conftest.c -o conftest2.o
configure:3880: $? = 0
configure:3892: result: yes
configure:3911: checking dependency style of gcc
configure:4022: result: gcc3
configure:4046: checking dependency style of gcc
configure:4155: result: gcc3
configure:4228: checking for g++
configure:4244: found /usr/bin/g++
configure:4255: result: g++
configure:4282: checking for C++ compiler version
configure:4291: g++ --version >&5
g++ (Ubuntu 9.4.0-1ubuntu1~20.04.1) 9.4.0
Copyright (C) 2019 Free Software Foundation, Inc.
This is free software; see the source for copying conditions.  There is NO
warranty; not even for MERCHANTABILITY or FITNESS FOR A PARTICULAR PURPOSE.

configure:4302: $? = 0
configure:4291: g++ -v >&5
Using built-in specs.
COLLECT_GCC=g++
COLLECT_LTO_WRAPPER=/usr/lib/gcc/x86_64-linux-gnu/9/lto-wrapper
OFFLOAD_TARGET_NAMES=nvptx-none:hsa
OFFLOAD_TARGET_DEFAULT=1
Target: x86_64-linux-gnu
Configured with: ../src/configure -v --with-pkgversion='Ubuntu 9.4.0-1ubuntu1~20.04.1' --with-bugurl=file:///usr/share/doc/gcc-9/README.Bugs --enable-languages=c,ada,c++,go,brig,d,fortran,objc,obj-c++,gm2 --prefix=/usr --with-gcc-major-version-only --program-suffix=-9 --program-prefix=x86_64-linux-gnu- --enable-shared --enable-linker-build-id --libexecdir=/usr/lib --without-included-gettext --enable-threads=posix --libdir=/usr/lib --enable-nls --enable-clocale=gnu --enable-libstdcxx-debug --enable-libstdcxx-time=yes --with-default-libstdcxx-abi=new --enable-gnu-unique-object --disable-vtable-verify --enable-plugin --enable-default-pie --with-system-zlib --with-target-system-zlib=auto --enable-objc-gc=auto --enable-multiarch --disable-werror --with-arch-32=i686 --with-abi=m64 --with-multilib-list=m32,m64,mx32 --enable-multilib --with-tune=generic --enable-offload-targets=nvptx-none=/build/gcc-9-Av3uEd/gcc-9-9.4.0/debian/tmp-nvptx/usr,hsa --without-cuda-driver --enable-checking=release --build=x86_64-linux-gnu --host=x86_64-linux-gnu --target=x86_64-linux-gnu
Thread model: posix
gcc version 9.4.0 (Ubuntu 9.4.0-1ubuntu1~20.04.1) 
configure:4302: $? = 0
configure:4291: g++ -V >&5
g++: error: unrecognized command line option '-V'
g++: fatal error: no input files
compilation terminated.
configure:4302: $? = 1
configure:4291: g++ -qversion >&5
g++: error: unrecognized command line option '-qversion'; did you mean '--version'?
g++: fatal error: no input files
compilation terminated.
configure:4302: $? = 1
configure:4306: checking whether we are using the GNU C++ compiler
configure:4325: g++ -c   conftest.cpp >&5
configure:4325: $? = 0
configure:4334: result: yes
configure:4343: checking whether g++ accepts -g
configure:4363: g++ -c -g  conftest.cpp >&5
configure:4363: $? = 0
configure:4404: result: yes
configure:4429: checking dependency style of g++
configure:4540: result: gcc3
configure:4584: checking build system type
configure:4598: result: x86_64-pc-linux-gnu
configure:4618: checking host system type
configure:4631: result: x86_64-pc-linux-gnu
configure:4672: checking how to print strings
configure:4699: result: printf
configure:4720: checking for a sed that does not truncate output
configure:4784: result: /usr/bin/sed
configure:4802: checking for grep that handles long lines and -e
configure:4860: result: /usr/bin/grep
configure:4865: checking for egrep
configure:4927: result: /usr/bin/grep -E
configure:4932: checking for fgrep
configure:4994: result: /usr/bin/grep -F
configure:5029: checking for ld used by gcc
configure:5096: result: /usr/bin/ld
configure:5103: checking if the linker (/usr/bin/ld) is GNU ld
configure:5118: result: yes
configure:5130: checking for BSD- or MS-compatible name lister (nm)
configure:5184: result: /usr/bin/nm -B
configure:5314: checking the name lister (/usr/bin/nm -B) interface
configure:5321: gcc -c -g -O2  conftest.c >&5
configure:5324: /usr/bin/nm -B "conftest.o"
configure:5327: output
0000000000000000 B some_variable
configure:5328: result: BSD nm
configure:5331: checking whether ln -s works
configure:5335: result: yes
configure:5343: checking the maximum length of command line arguments
configure:5474: result: 1572864
configure:5522: checking how to convert x86_64-pc-linux-gnu file names to x86_64-pc-linux-gnu format
configure:5562: result: func_convert_file_noop
configure:5569: checking how to convert x86_64-pc-linux-gnu file names to toolchain format
configure:5589: result: func_convert_file_noop
configure:5596: checking for /usr/bin/ld option to reload object files
configure:5603: result: -r
configure:5677: checking for objdump
configure:5693: found /usr/bin/objdump
configure:5704: result: objdump
configure:5736: checking how to recognize dependent libraries
configure:5936: result: pass_all
configure:6021: checking for dlltool
configure:6051: result: no
configure:6081: checking how to associate runtime and link libraries
configure:6108: result: printf %s\n
configure:6169: checking for ar
configure:6185: found /usr/bin/ar
configure:6196: result: ar
configure:6233: checking for archiver @FILE support
configure:6250: gcc -c -g -O2  conftest.c >&5
configure:6250: $? = 0
configure:6253: ar cr libconftest.a @conftest.lst >&5
configure:6256: $? = 0
configure:6261: ar cr libconftest.a @conftest.lst >&5
ar: conftest.o: No such file or directory
configure:6264: $? = 1
configure:6263: result: @
configure:6321: checking for strip
configure:6337: found /usr/bin/strip
configure:6348: result: strip
configure:6420: checking for ranlib
configure:6436: found /usr/bin/ranlib
configure:6447: result: ranlib
configure:6549: checking command to parse /usr/bin/nm -B output from gcc object
configure:6702: gcc -c -g -O2  conftest.c >&5
configure:6705: $? = 0
configure:6709: /usr/bin/nm -B conftest.o | sed -n -e 's/^.*[	 ]\([ABCDGIRSTW][ABCDGIRSTW]*\)[	 ][	 ]*\([_A-Za-z][_A-Za-z0-9]*\)$/\1 \2 \2/p' | sed '/ __gnu_lto/d' > conftest.nm
configure:6775: gcc -o conftest -g -O2   conftest.c conftstm.o >&5
configure:6778: $? = 0
configure:6816: result: ok
configure:6863: checking for sysroot
configure:6893: result: no
configure:6900: checking for a working dd
configure:6938: result: /usr/bin/dd
configure:6942: checking how to truncate binary pipes
configure:6957: result: /usr/bin/dd bs=4096 count=1
configure:7093: gcc -c -g -O2  conftest.c >&5
configure:7096: $? = 0
configure:7286: checking for mt
configure:7302: found /usr/bin/mt
configure:7313: result: mt
configure:7336: checking if mt is a manifest tool
configure:7342: mt '-?'
configure:7350: result: no
configure:8027: checking how to run the C preprocessor
configure:8058: gcc -E  conftest.c
configure:8058: $? = 0
configure:8072: gcc -E  conftest.c
conftest.c:9:10: fatal error: ac_nonexistent.h: No such file or directory
    9 | #include <ac_nonexistent.h>
      |          ^~~~~~~~~~~~~~~~~~
compilation terminated.
configure:8072: $? = 1
configure: failed program was:
| /* confdefs.h */
| #define PACKAGE_NAME "hclib"
| #define PACKAGE_TARNAME "hclib"
| #define PACKAGE_VERSION "0.1"
| #define PACKAGE_STRING "hclib 0.1"
| #define PACKAGE_BUGREPORT "vivekk@rice.edu"
| #define PACKAGE_URL ""
| /* end confdefs.h.  */
| #include <ac_nonexistent.h>
configure:8097: result: gcc -E
configure:8117: gcc -E  conftest.c
configure:8117: $? = 0
configure:8131: gcc -E  conftest.c
conftest.c:9:10: fatal error: ac_nonexistent.h: No such file or directory
    9 | #include <ac_nonexistent.h>
      |          ^~~~~~~~~~~~~~~~~~
compilation terminated.
configure:8131: $? = 1
configure: failed program was:
| /* confdefs.h */
| #define PACKAGE_NAME "hclib"
| #define PACKAGE_TARNAME "hclib"
| #define PACKAGE_VERSION "0.1"
| #define PACKAGE_STRING "hclib 0.1"
| #define PACKAGE_BUGREPORT "vivekk@rice.edu"
| #define PACKAGE_URL ""
| /* end confdefs.h.  */
| #include <ac_nonexistent.h>
configure:8160: checking for ANSI C header files
configure:8180: gcc -c -g -O2  conftest.c >&5
configure:8180: $? = 0
configure:8253: gcc -o conftest -g -O2   conftest.c  >&5
configure:8253: $? = 0
configure:8253: ./conftest
configure:8253: $? = 0
configure:8264: result: yes
configure:8277: checking for sys/types.h
configure:8277: gcc -c -g -O2  conftest.c >&5
configure:8277: $? = 0
configure:8277: result: yes
configure:8277: checking for sys/stat.h
configure:8277: gcc -c -g -O2  conftest.c >&5
configure:8277: $? = 0
configure:8277: result: yes
configure:8277: checking for stdlib.h
configure:8277: gcc -c -g -O2  conftest.c >&5
configure:8277: $? = 0
configure:8277: result: yes
configure:8277: checking for string.h
configure:8277: gcc -c -g -O2  conftest.c >&5
configure:8277: $? = 0
configure:8277: result: yes
configure:8277: checking for memory.h
configure:8277: gcc -c -g -O2  conftest.c >&5
configure:8277: $? = 0
configure:8277: result: yes
configure:8277: checking for strings.h
configure:8277: gcc -c -g -O2  conftest.c >&5
configure:8277: $? = 0
configure:8277: result: yes
configure:8277: checking for inttypes.h
configure:8277: gcc -c -g -O2  conftest.c >&5
configure:8277: $? = 0
configure:8277: result: yes
configure:8277: checking for stdint.h
configure:8277: gcc -c -g -O2  conftest.c >&5
configure:8277: $? = 0
configure:8277: result: yes
configure:8277: checking for unistd.h
configure:8277: gcc -c -g -O2  conftest.c >&5
configure:8277: $? = 0
configure:8277: result: yes
configure:8291: checking for dlfcn.h
configure:8291: gcc -c -g -O2  conftest.c >&5
configure:8291: $? = 0
configure:8291: result: yes
configure:8558: checking for objdir
configure:8573: result: .libs
configure:8833: checking if gcc supports -fno-rtti -fno-exceptions
configure:8851: gcc -c -g -O2  -fno-rtti -fno-exceptions conftest.c >&5
cc1: warning: command line option '-fno-rtti' is valid for C++/D/ObjC++ but not for C
configure:8855: $? = 0
configure:8868: result: no
configure:9232: checking for gcc option to produce PIC
configure:9239: result: -fPIC -DPIC
configure:9247: checking if gcc PIC flag -fPIC -DPIC works
configure:9265: gcc -c -g -O2  -fPIC -DPIC -DPIC conftest.c >&5
configure:9269: $? = 0
configure:9282: result: yes
configure:9311: checking if gcc static flag -static works
configure:9339: result: yes
configure:9354: checking if gcc supports -c -o file.o
configure:9375: gcc -c -g -O2  -o out/conftest2.o conftest.c >&5
configure:9379: $? = 0
configure:9401: result: yes
configure:9409: checking if gcc supports -c -o file.o
configure:9456: result: yes
configure:9489: checking whether the gcc linker (/usr/bin/ld -m elf_x86_64) supports shared libraries
configure:10752: result: yes
configure:10789: checking whether -lc should be explicitly linked in
configure:10797: gcc -c -g -O2  conftest.c >&5
configure:10800: $? = 0
configure:10815: gcc -shared  -fPIC -DPIC conftest.o  -v -Wl,-soname -Wl,conftest -o conftest 2\>\&1 \| /usr/bin/grep  -lc  \>/dev/null 2\>\&1
configure:10818: $? = 0
configure:10832: result: no
configure:10992: checking dynamic linker characteristics
configure:11573: gcc -o conftest -g -O2   -Wl,-rpath -Wl,/foo conftest.c  >&5
configure:11573: $? = 0
configure:11822: result: GNU/Linux ld.so
configure:11944: checking how to hardcode library paths into programs
configure:11969: result: immediate
configure:12517: checking whether stripping libraries is possible
configure:12522: result: yes
configure:12557: checking if libtool supports shared libraries
configure:12559: result: yes
configure:12562: checking whether to build shared libraries
configure:12587: result: yes
configure:12590: checking whether to build static libraries
configure:12594: result: yes
configure:9393: checking how to run the C++ preprocessor
configure:9420: g++ -E  conftest.cpp
configure:9420: $? = 0
configure:9434: g++ -E  conftest.cpp
conftest.cpp:21:10: fatal error: ac_nonexistent.h: No such file or directory
   21 | #include <ac_nonexistent.h>
      |          ^~~~~~~~~~~~~~~~~~
compilation terminated.
configure:9434: $? = 1
configure: failed program was:
| /* confdefs.h */
| #define PACKAGE_NAME "hclib"
| #define PACKAGE_TARNAME "hclib"
| #define PACKAGE_VERSION "0.1"
| #define PACKAGE_STRING "hclib 0.1"
| #define PACKAGE_BUGREPORT "vivekk@rice.edu"
| #define PACKAGE_URL ""
| #define STDC_HEADERS 1
| #define HAVE_SYS_TYPES_H 1
| #define HAVE_SYS_STAT_H 1
| #define HAVE_STDLIB_H 1
| #define HAVE_STRING_H 1
| #define HAVE_MEMORY_H 1
| #define HAVE_STRINGS_H 1
| #define HAVE_INTTYPES_H 1
| #define HAVE_STDINT_H 1
| #define HAVE_UNISTD_H 1
| #define HAVE_DLFCN_H 1
| #define LT_OBJDIR ".libs/"
| /* end confdefs.h.  */
| #include <ac_nonexistent.h>
configure:9459: result: g++ -E
configure:9479: g++ -E  conftest.cpp
configure:9479: $? = 0
configure:9493: g++ -E  conftest.cpp
conftest.cpp:21:10: fatal error: ac_nonexistent.h: No such file or directory
   21 | #include <ac_nonexistent.h>
      |          ^~~~~~~~~~~~~~~~~~
compilation terminated.
configure:9493: $? = 1
configure: failed program was:
| /* confdefs.h */
| #define PACKAGE_NAME "hclib"
| #define PACKAGE_TARNAME "hclib"
| #define PACKAGE_VERSION "0.1"
| #define PACKAGE_STRING "hclib 0.1"
| #define PACKAGE_BUGREPORT "vivekk@rice.edu"
| #define PACKAGE_URL ""
| #define STDC_HEADERS 1
| #define HAVE_SYS_TYPES_H 1
| #define HAVE_SYS_STAT_H 1
| #define HAVE_STDLIB_H 1
| #define HAVE_STRING_H 1
| #define HAVE_MEMORY_H 1
| #define HAVE_STRINGS_H 1
| #define HAVE_INTTYPES_H 1
| #define HAVE_STDINT_H 1
| #define HAVE_UNISTD_H 1
| #define HAVE_DLFCN_H 1
| #define LT_OBJDIR ".libs/"
| /* end confdefs.h.  */
| #include <ac_nonexistent.h>
configure:9655: checking for ld used by g++
configure:9722: result: /usr/bin/ld -m elf_x86_64
configure:9729: checking if the linker (/usr/bin/ld -m elf_x86_64) is GNU ld
configure:9744: result: yes
configure:9799: checking whether the g++ linker (/usr/bin/ld -m elf_x86_64) supports shared libraries
configure:10872: result: yes
configure:10908: g++ -c -g -O2  conftest.cpp >&5
configure:10911: $? = 0
configure:11392: checking for g++ option to produce PIC
configure:11399: result: -fPIC -DPIC
configure:11407: checking if g++ PIC flag -fPIC -DPIC works
configure:11425: g++ -c -g -O2  -fPIC -DPIC -DPIC conftest.cpp >&5
configure:11429: $? = 0
configure:11442: result: yes
configure:11465: checking if g++ static flag -static works
configure:11493: result: yes
configure:11505: checking if g++ supports -c -o file.o
configure:11526: g++ -c -g -O2  -o out/conftest2.o conftest.cpp >&5
configure:11530: $? = 0
configure:11552: result: yes
configure:11557: checking if g++ supports -c -o file.o
configure:11604: result: yes
configure:11634: checking whether the g++ linker (/usr/bin/ld -m elf_x86_64) supports shared libraries
configure:11677: result: yes
configure:11818: checking dynamic linker characteristics
configure:12575: result: GNU/Linux ld.so
configure:12640: checking how to hardcode library paths into programs
configure:12665: result: immediate
configure:11598: Host detected as linux-gnu x86_64
configure:11620: Disabled HC performance counters
configure:11647: Disabled verbose HC runtime
configure:11674: Production settings disabled
configure:11698: checking for basic C11 support
configure:11714: gcc -c -g -O2 -std=c11  conftest.c >&5
configure:11714: $? = 0
configure:11721: result: yes
configure:11727: checking for C11 stdatomic.h support
configure:11743: gcc -c -g -O2 -std=c11  conftest.c >&5
configure:11743: $? = 0
configure:11750: result: yes
configure:11770: checking for basic C++11 support
configure:11786: g++ -c -g -O2 -std=c++11  conftest.cpp >&5
configure:11786: $? = 0
configure:11793: result: yes
configure:11798: checking for C++11 std::is_trivially_copyable support
configure:11814: g++ -c -g -O2 -std=c++11  conftest.cpp >&5
configure:11814: $? = 0
configure:11821: result: yes
configure:11948: checking that generated files are newer than configure
configure:11954: result: done
configure:12013: creating ./config.status

## ---------------------- ##
## Running config.status. ##
## ---------------------- ##

This file was extended by hclib config.status 0.1, which was
generated by GNU Autoconf 2.69.  Invocation command line was

  CONFIG_FILES    = 
  CONFIG_HEADERS  = 
  CONFIG_LINKS    = 
  CONFIG_COMMANDS = 
  $ ./config.status 

on hippo

config.status:1165: creating Makefile
config.status:1165: creating src/Makefile
config.status:1165: creating inc/hclib_config.h
config.status:1379: executing depfiles commands
config.status:1456: cd src       && sed -e '/# am--include-marker/d' Makefile         | make -f - am--depfiles
config.status:1461: $? = 0
config.status:1379: executing libtool commands

## ---------------- ##
## Cache variables. ##
## ---------------- ##

ac_cv_build=x86_64-pc-linux-gnu
ac_cv_c11_lang=yes
ac_cv_c11_stdatomic=yes
ac_cv_c_compiler_gnu=yes
ac_cv_cxx11_lang=yes
ac_cv_cxx11_trivial_copy_check=yes
ac_cv_cxx_compiler_gnu=yes
ac_cv_env_CCASFLAGS_set=
ac_cv_env_CCASFLAGS_value=
ac_cv_env_CCAS_set=
ac_cv_env_CCAS_value=
ac_cv_env_CCC_set=
ac_cv_env_CCC_value=
ac_cv_env_CC_set=
ac_cv_env_CC_value=
ac_cv_env_CFLAGS_set=
ac_cv_env_CFLAGS_value=
ac_cv_env_CPPFLAGS_set=
ac_cv_env_CPPFLAGS_value=
ac_cv_env_CPP_set=
ac_cv_env_CPP_value=
ac_cv_env_CXXCPP_set=
ac_cv_env_CXXCPP_value=
ac_cv_env_CXXFLAGS_set=
ac_cv_env_CXXFLAGS_value=
ac_cv_env_CXX_set=
ac_cv_env_CXX_value=
ac_cv_env_LDFLAGS_set=
ac_cv_env_LDFLAGS_value=
ac_cv_env_LIBS_set=
ac_cv_env_LIBS_value=
ac_cv_env_LT_SYS_LIBRARY_PATH_set=
ac_cv_env_LT_SYS_LIBRARY_PATH_value=
ac_cv_env_build_alias_set=
ac_cv_env_build_alias_value=
ac_cv_env_host_alias_set=
ac_cv_env_host_alias_value=
ac_cv_env_target_alias_set=
ac_cv_env_target_alias_value=
ac_cv_header_dlfcn_h=yes
ac_cv_header_inttypes_h=yes
ac_cv_header_memory_h=yes
ac_cv_header_stdc=yes
ac_cv_header_stdint_h=yes
ac_cv_header_stdlib_h=yes
ac_cv_header_string_h=yes
ac_cv_header_strings_h=yes
ac_cv_header_sys_stat_h=yes
ac_cv_header_sys_types_h=yes
ac_cv_header_unistd_h=yes
ac_cv_host=x86_64-pc-linux-gnu
ac_cv_objext=o
ac_cv_path_EGREP='/usr/bin/grep -E'
ac_cv_path_FGREP='/usr/bin/grep -F'
ac_cv_path_GREP=/usr/bin/grep
ac_cv_path_SED=/usr/bin/sed
ac_cv_path_install='/usr/bin/install -c'
ac_cv_path_lt_DD=/usr/bin/dd
ac_cv_path_mkdir=/usr/bin/mkdir
ac_cv_prog_AWK=gawk
ac_cv_prog_CPP='gcc -E'
ac_cv_prog_CXXCPP='g++ -E'
ac_cv_prog_ac_ct_AR=ar
ac_cv_prog_ac_ct_CC=gcc
ac_cv_prog_ac_ct_CXX=g++
ac_cv_prog_ac_ct_MANIFEST_TOOL=mt
ac_cv_prog_ac_ct_OBJDUMP=objdump
ac_cv_prog_ac_ct_RANLIB=ranlib
ac_cv_prog_ac_ct_STRIP=strip
ac_cv_prog_cc_c89=
ac_cv_prog_cc_g=yes
ac_cv_prog_cxx_g=yes
ac_cv_prog_make_make_set=yes
am_cv_CCAS_dependencies_compiler_type=gcc3
am_cv_CC_dependencies_compiler_type=gcc3
am_cv_CXX_dependencies_compiler_type=gcc3
am_cv_make_support_nested_variables=yes
am_cv_prog_cc_c_o=yes
am_cv_prog_tar_ustar=gnutar
lt_cv_ar_at_file=@
lt_cv_archive_cmds_need_lc=no
lt_cv_deplibs_check_method=pass_all
lt_cv_file_magic_cmd='$MAGIC_CMD'
lt_cv_file_magic_test_file=
lt_cv_ld_reload_flag=-r
lt_cv_nm_interface='BSD nm'
lt_cv_objdir=.libs
lt_cv_path_LD=/usr/bin/ld
lt_cv_path_LDCXX='/usr/bin/ld -m elf_x86_64'
lt_cv_path_NM='/usr/bin/nm -B'
lt_cv_path_mainfest_tool=no
lt_cv_prog_compiler_c_o=yes
lt_cv_prog_compiler_c_o_CXX=yes
lt_cv_prog_compiler_pic='-fPIC -DPIC'
lt_cv_prog_compiler_pic_CXX='-fPIC -DPIC'
lt_cv_prog_compiler_pic_works=yes
lt_cv_prog_compiler_pic_works_CXX=yes
lt_cv_prog_compiler_rtti_exceptions=no
lt_cv_prog_compiler_static_works=yes
lt_cv_prog_compiler_static_works_CXX=yes
lt_cv_prog_gnu_ld=yes
lt_cv_prog_gnu_ldcxx=yes
lt_cv_sharedlib_from_linklib_cmd='printf %s\n'
lt_cv_shlibpath_overrides_runpath=yes
lt_cv_sys_global_symbol_pipe='sed -n -e '\''s/^.*[	 ]\([ABCDGIRSTW][ABCDGIRSTW]*\)[	 ][	 ]*\([_A-Za-z][_A-Za-z0-9]*\)$/\1 \2 \2/p'\'' | sed '\''/ __gnu_lto/d'\'''
lt_cv_sys_global_symbol_to_c_name_address='sed -n -e '\''s/^: \(.*\) .*$/  {"\1", (void *) 0},/p'\'' -e '\''s/^[ABCDGIRSTW][ABCDGIRSTW]* .* \(.*\)$/  {"\1", (void *) \&\1},/p'\'''
lt_cv_sys_global_symbol_to_c_name_address_lib_prefix='sed -n -e '\''s/^: \(.*\) .*$/  {"\1", (void *) 0},/p'\'' -e '\''s/^[ABCDGIRSTW][ABCDGIRSTW]* .* \(lib.*\)$/  {"\1", (void *) \&\1},/p'\'' -e '\''s/^[ABCDGIRSTW][ABCDGIRSTW]* .* \(.*\)$/  {"lib\1", (void *) \&\1},/p'\'''
lt_cv_sys_global_symbol_to_cdecl='sed -n -e '\''s/^T .* \(.*\)$/extern int \1();/p'\'' -e '\''s/^[ABCDGIRSTW][ABCDGIRSTW]* .* \(.*\)$/extern char \1;/p'\'''
lt_cv_sys_global_symbol_to_import=
lt_cv_sys_max_cmd_len=1572864
lt_cv_to_host_file_cmd=func_convert_file_noop
lt_cv_to_tool_file_cmd=func_convert_file_noop
lt_cv_truncate_bin='/usr/bin/dd bs=4096 count=1'

## ----------------- ##
## Output variables. ##
## ----------------- ##

ACLOCAL='${SHELL} /home/anuj2022/Analysis-of-Work-Stealing-Queues-FenceFreeWs/Original/hclib-iiitd/config/missing aclocal-1.16'
AMDEPBACKSLASH='\'
AMDEP_FALSE='#'
AMDEP_TRUE=''
AMTAR='$${TAR-tar}'
AM_BACKSLASH='\'
AM_DEFAULT_V='$(AM_DEFAULT_VERBOSITY)'
AM_DEFAULT_VERBOSITY='1'
AM_V='$(V)'
AR='ar'
AUTOCONF='${SHELL} /home/anuj2022/Analysis-of-Work-Stealing-Queues-FenceFreeWs/Original/hclib-iiitd/config/missing autoconf'
AUTOHEADER='echo autoheader disabled'
AUTOMAKE='${SHELL} /home/anuj2022/Analysis-of-Work-Stealing-Queues-FenceFreeWs/Original/hclib-iiitd/config/missing automake-1.16'
AWK='gawk'
CC='gcc'
CCAS='gcc'
CCASDEPMODE='depmode=gcc3'
CCASFLAGS='-g -O2'
CCDEPMODE='depmode=gcc3'
CFLAGS='-g -O2'
CPP='gcc -E'
CPPFLAGS=''
CXX='g++'
CXXCPP='g++ -E'
CXXDEPMODE='depmode=gcc3'
CXXFLAGS='-g -O2'
CYGPATH_W='echo'
DEFS='-DHAVE_CONFIG_H'
DEPDIR='.deps'
DLLTOOL='false'
DSYMUTIL=''
DUMPBIN=''
ECHO_C=''
ECHO_N='-n'
ECHO_T=''
EGREP='/usr/bin/grep -E'
EXEEXT=''
FGREP='/usr/bin/grep -F'
GREP='/usr/bin/grep'
HC_VERBOSE_FALSE=''
HC_VERBOSE_TRUE='#'
INSTALL_DATA='${INSTALL} -m 644'
INSTALL_PROGRAM='${INSTALL}'
INSTALL_SCRIPT='${INSTALL}'
INSTALL_STRIP_PROGRAM='$(install_sh) -c -s'
LD='/usr/bin/ld -m elf_x86_64'
LDFLAGS=''
LIBOBJS=''
LIBS=''
LIBTOOL='$(SHELL) $(top_builddir)/libtool'
LINUX_FALSE='#'
LINUX_TRUE=''
LIPO=''
LN_S='ln -s'
LTLIBOBJS=''
LT_SYS_LIBRARY_PATH=''
MAKEINFO='${SHELL} /home/anuj2022/Analysis-of-Work-Stealing-Queues-FenceFreeWs/Original/hclib-iiitd/config/missing makeinfo'
MANIFEST_TOOL=':'
MKDIR_P='/usr/bin/mkdir -p'
NM='/usr/bin/nm -B'
NMEDIT=''
OBJDUMP='objdump'
OBJEXT='o'
OSX_FALSE=''
OSX_TRUE='#'
OTOOL64=''
OTOOL=''
PACKAGE='hclib'
PACKAGE_BUGREPORT='vivekk@rice.edu'
PACKAGE_NAME='hclib'
PACKAGE_STRING='hclib 0.1'
PACKAGE_TARNAME='hclib'
PACKAGE_URL=''
PACKAGE_VERSION='0.1'
PATH_SEPARATOR=':'
PERFCOUNTER_FALSE=''
PERFCOUNTER_TRUE='#'
PRODUCTION_SETTINGS_FALSE=''
PRODUCTION_SETTINGS_TRUE='#'
RANLIB='ranlib'
SED='/usr/bin/sed'
SET_MAKE=''
SHELL='/bin/bash'
STRIP='strip'
VERSION='0.1'
X86_64_FALSE='#'
X86_64_TRUE=''
X86_FALSE=''
X86_TRUE='#'
abs_top_srcdir=''
ac_aux_dir='../config'
ac_ct_AR='ar'
ac_ct_CC='gcc'
ac_ct_CXX='g++'
ac_ct_DUMPBIN=''
am__EXEEXT_FALSE=''
am__EXEEXT_TRUE='#'
am__fastdepCCAS_FALSE='#'
am__fastdepCCAS_TRUE=''
am__fastdepCC_FALSE='#'
am__fastdepCC_TRUE=''
am__fastdepCXX_FALSE='#'
am__fastdepCXX_TRUE=''
am__include='include'
am__isrc=' -I$(srcdir)'
am__leading_dot='.'
am__nodep='_no'
am__quote=''
am__tar='tar --format=ustar -chf - "$$tardir"'
am__untar='tar -xf -'
bindir='${exec_prefix}/bin'
build='x86_64-pc-linux-gnu'
build_alias=''
build_cpu='x86_64'
build_os='linux-gnu'
build_vendor='pc'
datadir='${datarootdir}'
datarootdir='${prefix}/share'
docdir='${datarootdir}/doc/${PACKAGE_TARNAME}'
dvidir='${docdir}'
exec_prefix='${prefix}'
host='x86_64-pc-linux-gnu'
host_alias=''
host_cpu='x86_64'
host_os='linux-gnu'
host_vendor='pc'
htmldir='${docdir}'
includedir='${prefix}/include'
infodir='${datarootdir}/info'
install_sh='${SHELL} /home/anuj2022/Analysis-of-Work-Stealing-Queues-FenceFreeWs/Original/hclib-iiitd/config/install-sh'
libdir='${exec_prefix}/lib'
libexecdir='${exec_prefix}/libexec'
localedir='${datarootdir}/locale'
localstatedir='${prefix}/var'
mandir='${datarootdir}/man'
mkdir_p='$(MKDIR_P)'
oldincludedir='/usr/include'
pdfdir='${docdir}'
prefix='/home/anuj2022/Analysis-of-Work-Stealing-Queues-FenceFreeWs/Original/hclib-iiitd/hclib-install'
program_transform_name='s,x,x,'
psdir='${docdir}'
runstatedir='${localstatedir}/run'
sbindir='${exec_prefix}/sbin'
sharedstatedir='${prefix}/com'
sysconfdir='${prefix}/etc'
target_alias=''

## ----------- ##
## confdefs.h. ##
## ----------- ##

/* confdefs.h */
#define PACKAGE_NAME "hclib"
#define PACKAGE_TARNAME "hclib"
#define PACKAGE_VERSION "0.1"
#define PACKAGE_STRING "hclib 0.1"
#define PACKAGE_BUGREPORT "vivekk@rice.edu"
#define PACKAGE_URL ""
#define STDC_HEADERS 1
#define HAVE_SYS_TYPES_H 1
#define HAVE_SYS_STAT_H 1
#define HAVE_STDLIB_H 1
#define HAVE_STRING_H 1
#define HAVE_MEMORY_H 1
#define HAVE_STRINGS_H 1
#define HAVE_INTTYPES_H 1
#define HAVE_STDINT_H 1
#define HAVE_UNISTD_H 1
#define HAVE_DLFCN_H 1
#define LT_OBJDIR ".libs/"
#define HAVE_C11_STDATOMIC 1
#define HAVE_CXX11_TRIVIAL_COPY_CHECK 1

configure: exit 0

## ---------------------- ##
## Running config.status. ##
## ---------------------- ##

This file was extended by hclib config.status 0.1, which was
generated by GNU Autoconf 2.69.  Invocation command line was

  CONFIG_FILES    = 
  CONFIG_HEADERS  = 
  CONFIG_LINKS    = 
  CONFIG_COMMANDS = 
  $ ./config.status inc/hclib_config.h

on hippo

config.status:1165: creating inc/hclib_config.h
config.status:1331: inc/hclib_config.h is unchanged
